<?xml version="1.0" encoding="UTF-8"?>
<testsuite name="karate.UsersRunner" tests="2" skipped="0" failures="0" errors="0" timestamp="2021-09-25T16:12:01" hostname="PB0B0911330" time="2.126">
  <properties/>
  <testcase name="[1:7] get all users and then get the first user by id" classname="karate.UsersRunner" time="1.698"/>
  <testcase name="[2:18] create a user and then get it by id" classname="karate.UsersRunner" time="0.426"/>
  <system-out><![CDATA[11:12:01.250 [Test worker] INFO com.intuit.karate - karate.env system property was:  
11:12:01.315 [Test worker] DEBUG com.jayway.jsonpath.internal.path.CompiledPath - Evaluating path: $
11:12:01.957 [Test worker] DEBUG org.apache.http.client.protocol.RequestAddCookies - CookieSpec selected: karate
11:12:01.967 [Test worker] DEBUG org.apache.http.client.protocol.RequestAuthCache - Auth cache not set in the context
11:12:01.968 [Test worker] DEBUG com.intuit.karate - request:
1 > GET https://jsonplaceholder.typicode.com/users
1 > Accept-Encoding: gzip,deflate
1 > Connection: Keep-Alive
1 > Host: jsonplaceholder.typicode.com
1 > User-Agent: Apache-HttpClient/4.5.12 (Java/1.8.0_301)

11:12:01.970 [Test worker] DEBUG org.apache.http.impl.conn.PoolingHttpClientConnectionManager - Connection request: [route: {s}->https://jsonplaceholder.typicode.com:443][total available: 0; route allocated: 0 of 5; total allocated: 0 of 10]
11:12:01.985 [Test worker] DEBUG org.apache.http.impl.conn.PoolingHttpClientConnectionManager - Connection leased: [id: 0][route: {s}->https://jsonplaceholder.typicode.com:443][total available: 0; route allocated: 1 of 5; total allocated: 1 of 10]
11:12:01.988 [Test worker] DEBUG org.apache.http.impl.execchain.MainClientExec - Opening connection {s}->https://jsonplaceholder.typicode.com:443
11:12:02.077 [Test worker] DEBUG org.apache.http.impl.conn.DefaultHttpClientConnectionOperator - Connecting to jsonplaceholder.typicode.com/104.21.4.48:443
11:12:02.078 [Test worker] DEBUG org.apache.http.conn.ssl.SSLConnectionSocketFactory - Connecting socket to jsonplaceholder.typicode.com/104.21.4.48:443 with timeout 30000
11:12:02.163 [Test worker] DEBUG org.apache.http.conn.ssl.SSLConnectionSocketFactory - Enabled protocols: [TLSv1.2]
11:12:02.163 [Test worker] DEBUG org.apache.http.conn.ssl.SSLConnectionSocketFactory - Enabled cipher suites:[TLS_ECDHE_ECDSA_WITH_AES_256_GCM_SHA384, TLS_ECDHE_ECDSA_WITH_AES_128_GCM_SHA256, TLS_ECDHE_RSA_WITH_AES_256_GCM_SHA384, TLS_RSA_WITH_AES_256_GCM_SHA384, TLS_ECDH_ECDSA_WITH_AES_256_GCM_SHA384, TLS_ECDH_RSA_WITH_AES_256_GCM_SHA384, TLS_DHE_RSA_WITH_AES_256_GCM_SHA384, TLS_DHE_DSS_WITH_AES_256_GCM_SHA384, TLS_ECDHE_RSA_WITH_AES_128_GCM_SHA256, TLS_RSA_WITH_AES_128_GCM_SHA256, TLS_ECDH_ECDSA_WITH_AES_128_GCM_SHA256, TLS_ECDH_RSA_WITH_AES_128_GCM_SHA256, TLS_DHE_RSA_WITH_AES_128_GCM_SHA256, TLS_DHE_DSS_WITH_AES_128_GCM_SHA256, TLS_ECDHE_ECDSA_WITH_AES_256_CBC_SHA384, TLS_ECDHE_RSA_WITH_AES_256_CBC_SHA384, TLS_RSA_WITH_AES_256_CBC_SHA256, TLS_ECDH_ECDSA_WITH_AES_256_CBC_SHA384, TLS_ECDH_RSA_WITH_AES_256_CBC_SHA384, TLS_DHE_RSA_WITH_AES_256_CBC_SHA256, TLS_DHE_DSS_WITH_AES_256_CBC_SHA256, TLS_ECDHE_ECDSA_WITH_AES_256_CBC_SHA, TLS_ECDHE_RSA_WITH_AES_256_CBC_SHA, TLS_RSA_WITH_AES_256_CBC_SHA, TLS_ECDH_ECDSA_WITH_AES_256_CBC_SHA, TLS_ECDH_RSA_WITH_AES_256_CBC_SHA, TLS_DHE_RSA_WITH_AES_256_CBC_SHA, TLS_DHE_DSS_WITH_AES_256_CBC_SHA, TLS_ECDHE_ECDSA_WITH_AES_128_CBC_SHA256, TLS_ECDHE_RSA_WITH_AES_128_CBC_SHA256, TLS_RSA_WITH_AES_128_CBC_SHA256, TLS_ECDH_ECDSA_WITH_AES_128_CBC_SHA256, TLS_ECDH_RSA_WITH_AES_128_CBC_SHA256, TLS_DHE_RSA_WITH_AES_128_CBC_SHA256, TLS_DHE_DSS_WITH_AES_128_CBC_SHA256, TLS_ECDHE_ECDSA_WITH_AES_128_CBC_SHA, TLS_ECDHE_RSA_WITH_AES_128_CBC_SHA, TLS_RSA_WITH_AES_128_CBC_SHA, TLS_ECDH_ECDSA_WITH_AES_128_CBC_SHA, TLS_ECDH_RSA_WITH_AES_128_CBC_SHA, TLS_DHE_RSA_WITH_AES_128_CBC_SHA, TLS_DHE_DSS_WITH_AES_128_CBC_SHA, TLS_EMPTY_RENEGOTIATION_INFO_SCSV]
11:12:02.164 [Test worker] DEBUG org.apache.http.conn.ssl.SSLConnectionSocketFactory - Starting handshake
11:12:02.432 [Test worker] DEBUG org.apache.http.conn.ssl.SSLConnectionSocketFactory - Secure session established
11:12:02.432 [Test worker] DEBUG org.apache.http.conn.ssl.SSLConnectionSocketFactory -  negotiated protocol: TLSv1.2
11:12:02.432 [Test worker] DEBUG org.apache.http.conn.ssl.SSLConnectionSocketFactory -  negotiated cipher suite: TLS_ECDHE_ECDSA_WITH_AES_128_GCM_SHA256
11:12:02.432 [Test worker] DEBUG org.apache.http.conn.ssl.SSLConnectionSocketFactory -  peer principal: CN=sni.cloudflaressl.com, O="Cloudflare, Inc.", L=San Francisco, ST=California, C=US
11:12:02.433 [Test worker] DEBUG org.apache.http.conn.ssl.SSLConnectionSocketFactory -  peer alternative names: [typicode.com, sni.cloudflaressl.com, *.typicode.com]
11:12:02.433 [Test worker] DEBUG org.apache.http.conn.ssl.SSLConnectionSocketFactory -  issuer principal: CN=Cloudflare Inc ECC CA-3, O="Cloudflare, Inc.", C=US
11:12:02.436 [Test worker] DEBUG org.apache.http.impl.conn.DefaultHttpClientConnectionOperator - Connection established 192.168.1.58:51630<->104.21.4.48:443
11:12:02.436 [Test worker] DEBUG org.apache.http.impl.conn.DefaultManagedHttpClientConnection - http-outgoing-0: set socket timeout to 30000
11:12:02.436 [Test worker] DEBUG org.apache.http.impl.execchain.MainClientExec - Executing request GET /users HTTP/1.1
11:12:02.436 [Test worker] DEBUG org.apache.http.impl.execchain.MainClientExec - Target auth state: UNCHALLENGED
11:12:02.437 [Test worker] DEBUG org.apache.http.impl.execchain.MainClientExec - Proxy auth state: UNCHALLENGED
11:12:02.438 [Test worker] DEBUG org.apache.http.headers - http-outgoing-0 >> GET /users HTTP/1.1
11:12:02.438 [Test worker] DEBUG org.apache.http.headers - http-outgoing-0 >> Host: jsonplaceholder.typicode.com
11:12:02.439 [Test worker] DEBUG org.apache.http.headers - http-outgoing-0 >> Connection: Keep-Alive
11:12:02.439 [Test worker] DEBUG org.apache.http.headers - http-outgoing-0 >> User-Agent: Apache-HttpClient/4.5.12 (Java/1.8.0_301)
11:12:02.439 [Test worker] DEBUG org.apache.http.headers - http-outgoing-0 >> Accept-Encoding: gzip,deflate
11:12:02.439 [Test worker] DEBUG org.apache.http.wire - http-outgoing-0 >> "GET /users HTTP/1.1[\r][\n]"
11:12:02.439 [Test worker] DEBUG org.apache.http.wire - http-outgoing-0 >> "Host: jsonplaceholder.typicode.com[\r][\n]"
11:12:02.439 [Test worker] DEBUG org.apache.http.wire - http-outgoing-0 >> "Connection: Keep-Alive[\r][\n]"
11:12:02.439 [Test worker] DEBUG org.apache.http.wire - http-outgoing-0 >> "User-Agent: Apache-HttpClient/4.5.12 (Java/1.8.0_301)[\r][\n]"
11:12:02.439 [Test worker] DEBUG org.apache.http.wire - http-outgoing-0 >> "Accept-Encoding: gzip,deflate[\r][\n]"
11:12:02.439 [Test worker] DEBUG org.apache.http.wire - http-outgoing-0 >> "[\r][\n]"
11:12:02.498 [Test worker] DEBUG org.apache.http.wire - http-outgoing-0 << "HTTP/1.1 200 OK[\r][\n]"
11:12:02.500 [Test worker] DEBUG org.apache.http.wire - http-outgoing-0 << "Date: Sat, 25 Sep 2021 16:11:41 GMT[\r][\n]"
11:12:02.500 [Test worker] DEBUG org.apache.http.wire - http-outgoing-0 << "Content-Type: application/json; charset=utf-8[\r][\n]"
11:12:02.500 [Test worker] DEBUG org.apache.http.wire - http-outgoing-0 << "Transfer-Encoding: chunked[\r][\n]"
11:12:02.500 [Test worker] DEBUG org.apache.http.wire - http-outgoing-0 << "Connection: keep-alive[\r][\n]"
11:12:02.500 [Test worker] DEBUG org.apache.http.wire - http-outgoing-0 << "x-powered-by: Express[\r][\n]"
11:12:02.500 [Test worker] DEBUG org.apache.http.wire - http-outgoing-0 << "x-ratelimit-limit: 1000[\r][\n]"
11:12:02.500 [Test worker] DEBUG org.apache.http.wire - http-outgoing-0 << "x-ratelimit-remaining: 999[\r][\n]"
11:12:02.500 [Test worker] DEBUG org.apache.http.wire - http-outgoing-0 << "x-ratelimit-reset: 1631494203[\r][\n]"
11:12:02.500 [Test worker] DEBUG org.apache.http.wire - http-outgoing-0 << "vary: Origin, Accept-Encoding[\r][\n]"
11:12:02.500 [Test worker] DEBUG org.apache.http.wire - http-outgoing-0 << "access-control-allow-credentials: true[\r][\n]"
11:12:02.500 [Test worker] DEBUG org.apache.http.wire - http-outgoing-0 << "cache-control: max-age=43200[\r][\n]"
11:12:02.500 [Test worker] DEBUG org.apache.http.wire - http-outgoing-0 << "pragma: no-cache[\r][\n]"
11:12:02.501 [Test worker] DEBUG org.apache.http.wire - http-outgoing-0 << "expires: -1[\r][\n]"
11:12:02.501 [Test worker] DEBUG org.apache.http.wire - http-outgoing-0 << "x-content-type-options: nosniff[\r][\n]"
11:12:02.501 [Test worker] DEBUG org.apache.http.wire - http-outgoing-0 << "etag: W/"160d-1eMSsxeJRfnVLRBmYJSbCiJZ1qQ"[\r][\n]"
11:12:02.501 [Test worker] DEBUG org.apache.http.wire - http-outgoing-0 << "content-encoding: gzip[\r][\n]"
11:12:02.501 [Test worker] DEBUG org.apache.http.wire - http-outgoing-0 << "via: 1.1 vegur[\r][\n]"
11:12:02.501 [Test worker] DEBUG org.apache.http.wire - http-outgoing-0 << "CF-Cache-Status: HIT[\r][\n]"
11:12:02.501 [Test worker] DEBUG org.apache.http.wire - http-outgoing-0 << "Age: 24513[\r][\n]"
11:12:02.501 [Test worker] DEBUG org.apache.http.wire - http-outgoing-0 << "Expect-CT: max-age=604800, report-uri="https://report-uri.cloudflare.com/cdn-cgi/beacon/expect-ct"[\r][\n]"
11:12:02.501 [Test worker] DEBUG org.apache.http.wire - http-outgoing-0 << "Report-To: {"endpoints":[{"url":"https:\/\/a.nel.cloudflare.com\/report\/v3?s=kczE5WPTrQZOxAL3q5gPCGWlEEbpSBsDAFAc%2F8fGj7GasWLFBvrYpd0O2tqepYwIoHuloc3UnuQjqi%2FNW0Jo4M%2B9QbvZMnscMl58lxXM3L0M5UNocpt%2B9VmAQFUNHfXZ8QuGk3uTlO3ohPj6mPaA"}],"group":"cf-nel","max_age":604800}[\r][\n]"
11:12:02.501 [Test worker] DEBUG org.apache.http.wire - http-outgoing-0 << "NEL: {"success_fraction":0,"report_to":"cf-nel","max_age":604800}[\r][\n]"
11:12:02.501 [Test worker] DEBUG org.apache.http.wire - http-outgoing-0 << "Server: cloudflare[\r][\n]"
11:12:02.501 [Test worker] DEBUG org.apache.http.wire - http-outgoing-0 << "CF-RAY: 694587a0cbfd09fe-MIA[\r][\n]"
11:12:02.501 [Test worker] DEBUG org.apache.http.wire - http-outgoing-0 << "alt-svc: h3=":443"; ma=86400, h3-29=":443"; ma=86400, h3-28=":443"; ma=86400, h3-27=":443"; ma=86400[\r][\n]"
11:12:02.501 [Test worker] DEBUG org.apache.http.wire - http-outgoing-0 << "[\r][\n]"
11:12:02.501 [Test worker] DEBUG org.apache.http.wire - http-outgoing-0 << "737[\r][\n]"
11:12:02.502 [Test worker] DEBUG org.apache.http.wire - http-outgoing-0 << "[0x1f][0x8b][0x8][0x0][0x0][0x0][0x0][0x0][0x0][0x3][0x95][0x98][o[0xe3]8[0x12][0x85][0xdf][0xe7]W[0x10]y[0xda][0x1]F[0x82].[0xd4]m[0x9f][0xdc][0x9d]d[0xba][0xb7][0x93][0xf4][0x6]q[0xef]4[0x6][0x83]A@K[0x15][0x89]m[0x8a][0xf4][0x92][0x94][0x1d]e1[0xff]}[0x8b]v.[0x8e]-[0xdb][0x9a][0x7][0xc3][0x92][0xa8]k[0xf1][0xd3]9[0xa7][0xf4][0xc7]O[0x84][0xfc][0xf]]]>&#x7f;<![CDATA[[0x84][0x9c][0xf1][0xea][0xec][0x9f]$[0xfc]e[0xb3]"Y[0xb][0xb8]zv[\r]LJ [0x9f]4kX{[0xf6]<[0xd8][0x19][0xd0]/;|[0xd4]`_[0xb6]C[0xcb][0xb8]p[0x1b][0xa7]\[0x96][0xa0]a[0xc2][0x16][0x9a][0xb]]]>&#x7f;<![CDATA[[0xc6][0x9f]^[0xf6]`U[0xa5][0xc1][0x18][0xdc]gsQ[0xdc]d[0xac][0x6]<[0x5][0x1e]u[0xd5][0x9]f[0xc8]5[0xaf][0x9b][0x97]3[0xba][0xe1][0x8e][0xdb][0xf5][0x85]>,[0xac]O[0x92]$}[0x1b]*[0xb9][0xed][0xdd][0xc8][0xa7][0x15][0xc8][0x99][0xd2][0xaa][0xab][0x9b][0xb7][0xc1]'[0xbe](U[0xb5]>[0xb2][0x88][0x8a]"[0xf7][0xe2]<[0xa3]o[0xc3]5[0xa8][0xad][0x9b][0xc0][\r][0x82][0xad][0xef][0xc1][0x8b]3?[0xe][0x93][0xe2]u"
11:12:02.504 [Test worker] DEBUG org.apache.http.headers - http-outgoing-0 << HTTP/1.1 200 OK
11:12:02.504 [Test worker] DEBUG org.apache.http.headers - http-outgoing-0 << Date: Sat, 25 Sep 2021 16:11:41 GMT
11:12:02.504 [Test worker] DEBUG org.apache.http.headers - http-outgoing-0 << Content-Type: application/json; charset=utf-8
11:12:02.504 [Test worker] DEBUG org.apache.http.headers - http-outgoing-0 << Transfer-Encoding: chunked
11:12:02.504 [Test worker] DEBUG org.apache.http.headers - http-outgoing-0 << Connection: keep-alive
11:12:02.504 [Test worker] DEBUG org.apache.http.headers - http-outgoing-0 << x-powered-by: Express
11:12:02.504 [Test worker] DEBUG org.apache.http.headers - http-outgoing-0 << x-ratelimit-limit: 1000
11:12:02.504 [Test worker] DEBUG org.apache.http.headers - http-outgoing-0 << x-ratelimit-remaining: 999
11:12:02.504 [Test worker] DEBUG org.apache.http.headers - http-outgoing-0 << x-ratelimit-reset: 1631494203
11:12:02.504 [Test worker] DEBUG org.apache.http.headers - http-outgoing-0 << vary: Origin, Accept-Encoding
11:12:02.504 [Test worker] DEBUG org.apache.http.headers - http-outgoing-0 << access-control-allow-credentials: true
11:12:02.504 [Test worker] DEBUG org.apache.http.headers - http-outgoing-0 << cache-control: max-age=43200
11:12:02.504 [Test worker] DEBUG org.apache.http.headers - http-outgoing-0 << pragma: no-cache
11:12:02.504 [Test worker] DEBUG org.apache.http.headers - http-outgoing-0 << expires: -1
11:12:02.504 [Test worker] DEBUG org.apache.http.headers - http-outgoing-0 << x-content-type-options: nosniff
11:12:02.504 [Test worker] DEBUG org.apache.http.headers - http-outgoing-0 << etag: W/"160d-1eMSsxeJRfnVLRBmYJSbCiJZ1qQ"
11:12:02.504 [Test worker] DEBUG org.apache.http.headers - http-outgoing-0 << content-encoding: gzip
11:12:02.504 [Test worker] DEBUG org.apache.http.headers - http-outgoing-0 << via: 1.1 vegur
11:12:02.504 [Test worker] DEBUG org.apache.http.headers - http-outgoing-0 << CF-Cache-Status: HIT
11:12:02.504 [Test worker] DEBUG org.apache.http.headers - http-outgoing-0 << Age: 24513
11:12:02.505 [Test worker] DEBUG org.apache.http.headers - http-outgoing-0 << Expect-CT: max-age=604800, report-uri="https://report-uri.cloudflare.com/cdn-cgi/beacon/expect-ct"
11:12:02.505 [Test worker] DEBUG org.apache.http.headers - http-outgoing-0 << Report-To: {"endpoints":[{"url":"https:\/\/a.nel.cloudflare.com\/report\/v3?s=kczE5WPTrQZOxAL3q5gPCGWlEEbpSBsDAFAc%2F8fGj7GasWLFBvrYpd0O2tqepYwIoHuloc3UnuQjqi%2FNW0Jo4M%2B9QbvZMnscMl58lxXM3L0M5UNocpt%2B9VmAQFUNHfXZ8QuGk3uTlO3ohPj6mPaA"}],"group":"cf-nel","max_age":604800}
11:12:02.505 [Test worker] DEBUG org.apache.http.headers - http-outgoing-0 << NEL: {"success_fraction":0,"report_to":"cf-nel","max_age":604800}
11:12:02.505 [Test worker] DEBUG org.apache.http.headers - http-outgoing-0 << Server: cloudflare
11:12:02.505 [Test worker] DEBUG org.apache.http.headers - http-outgoing-0 << CF-RAY: 694587a0cbfd09fe-MIA
11:12:02.505 [Test worker] DEBUG org.apache.http.headers - http-outgoing-0 << alt-svc: h3=":443"; ma=86400, h3-29=":443"; ma=86400, h3-28=":443"; ma=86400, h3-27=":443"; ma=86400
11:12:02.509 [Test worker] DEBUG org.apache.http.impl.execchain.MainClientExec - Connection can be kept alive indefinitely
11:12:02.514 [Test worker] DEBUG org.apache.http.wire - http-outgoing-0 << "O7$k7[0x94][0x87]~H[0x8b][0xf4][0xec]y[0xe0][0xaf][0xf5][0xff]_[0xcf][0xf][0xb6]h[0x94]\_,[0xf4][0xb2],[0xf0][0xb2]8[0xf5][0xf2] [0xe][0xc9]c[0x92]R[0x1a][0xbd]<[0xfe][\n]"
11:12:02.514 [Test worker] DEBUG org.apache.http.wire - http-outgoing-0 << "f[0xe6][0xf9]q[0x1a].*[0xa8][0x99][0xae]|[0xa5][0xeb][0x97][0xf1]R[0xb5][0xb]&[0xfb][0xed][0xf2][0xbc][0xd4][0xf9]N[0xb5][0xac][0xee]@3[0xef]\+[0xc9][0xb6][0xaa][0xc0]l[0xd9][0xdc]6[0x9a][0x99][0xf5]~7[0x9d][0xb0][0xdc][0x13][0xac][0xc7][0xfa]W[0xa4][0x14][0x1c][0xa4][0xf5]p[0xbe][0x96][0xa0][0x89][0x84]N3[0xe1]I[0xd8][0xaa][0xef][0xcc][0xac][0xef][0x86]i[0x89][0xf3]B4[0xe0][0xb8][0xe5]-[0x10][0xf0]Z[0xa6][0xe7]`[0xcd][0xe6]y[0xdd][0xd3][0xae][0x9f]u[0x1b][0x96]h[0x7][0x96]K[0xbd][0xe4][0x92]|V+[0x10]b[0x88][0x95][0xf][0xd2]b[0x95],[0x16]`[0xf][0x98][0x6]1c[0x93][0x16][0x4]7[0x86][0xf9]v9[\n]"
11:12:02.514 [Test worker] DEBUG org.apache.http.wire - http-outgoing-0 << "[0x98][0xdf]xi[0x95]&[0xb7][0x82]qi[0x6][0x90][0x99][0xba][0x5][0x92]g[0xc5]>3[0xdf][0xb9]Q[0xf3]~[0xd6][0xe9]C[0xcc][0x4]I[0x9a][0xe2]Tf[0xe1][0x8]fh[0xec][0x17]I0[0xc4][0x8c][0x17]S[0x9f][0xa6]a~[0x2][0x9a] [0xc][0xbc][0xb4][0x88][0xbc]4)b[0xf2][0x18][0x14]a[0x94][0xc] [0xc3]$3[0x96][0x19][0xce][0xfc][0xb7][0x19]<[0x86][0xcc][0x5][0x94]s[0xb5]B^[0xb8][0xb1][0x7]y[0xb9][0xd5][0x8a][0x95][0x96]/[0x81]T[0xbc]rK%)[0x95][0xb4]\[0xd6] [0xcb]~[0x97][0x13][0xd3]K[0xd0]5]]>&#x7f;<![CDATA[[0x2]bJ&[0xd8]L[0xe0]B[0xb7]X[0x88][0xde]+[0x9b][0xf5]$[0x1c][0x86]%[0xde][0x81][0xe5]\@[0xb][0xee]B@>[0xb2][0xae]l[0x86][0x80][0x99][0xb2][0x96]I[0xdb][0xb0]=^[0xbe]2[0xdc]*'=[0x18][0x90][0xef][0xeb]q[0x14][0x98][0xb][0xd4][0x8][0xa7]1[0x97][0x8f][0x16][0xa4][0xe1]J[0x1e][0x86][0x86]f[0xfb][0xd0][0xdc][0x94]W [0x9f]84l[0x9]r[0x10][0x9b][0xa4]H[0x8a][0xc0][0xa3]a[0x92][0x8d][0xc0]&[0xcd][0xfd]4[0xc][0xa2]!lh[0xe6][0x7]i[0x12][0x9f][0xd4][0x1a][0x9a][0xc6]^[0x18][0xc5][0x1e][0xa5][0xaf][0xf7][0xbb]M[0x8c]f-[0xd7][0xca][0xe7][0xf2]A[0xfd]-[0x89][0xf9][0xc2]J53[0xdb][0xe5][0xd9][0xa1][0xe6]WV[0x2][0xb1][0x8a]<[0xb8][0xff][0x19]]]>&#x7f;<![CDATA[[0xe8]4[0xee][0x80]z[0xc3][0xa5][0x5][0xed]6[0xee][0x82][0x3][0x1e][0xc8][\r].V[0xe3][0x9e]5b[0xc6][0x90][0x1b][0x8e][0x87][0xe1]4[0x1c][0xe3][0x86][0xee]ps[0xcb][0xac][0xe6]%g[0xe4][0x1a][0x9f][0x93][0x95][0xf3]!n[0xae][0x98][0xe6][0xce][0xb7][0xf6][0xb8][0xf9][0xd2][0x89][0xf5][0x80][0xff][0xef]s[0x85]]]>&#x7f;<![CDATA[z2W[0xba][0xdf]V[0xe0][0xa3][0xf8]|VP[0xa3][0x8c][0xde][0xb0]Wy[0xdb]3(|[0x8b][0xf7][0xb9][0x99][0xaa][0xce]6[0xe4]R,[0xb9][0x19][0xa6]&.[0xc2][0xc2][0xa3][0xd1][0x18]j[0xa2][0xc2][0xa7]I6[0x8]M[0x98]R[0x1f][0xad].8A[\r]-[0x90][0x19][0xf4][0xa8]"[0x8d]Pl[0xc2]WG[0xdd][0x6]g[0xce][0x4]l[0xfb][0xf6]Qjf [0xbc]s[0x85]f[0xa1][0xfb][0x83][0xc0]ll[0xc9][0xf2][0xb5]+=[0x81]VH[0x8f]@[0xd4]0'[0x90][0x85]VU[0xe7]4[0xc8][0x95]k[0x87][0x1b][0xa4][0x5]_T[0xc7][0x8]);[0xeb]d[0xc9][0x83][0xaa][0x6][0x82][0xf7]J[0x9c][0xab][0xf1][0x12][0x8e][0xc1][0x93][0xec][0x8a]N[0x3][0xc2]@O.88[0x8a][0x6]E[0xe7][0x8a][0xb5][0xfa][0xf5][0xf5]~C[0xe7][0xba]+[0xb9][0xba][0xff][0xc][0xeb][0x9b]@r[0x10]#[0xe]~[0xc9]F[0x91]3[0x9d]s[0x1][0x86]|gb~[0xd8][0xa8][0xe2]$[0xdc]g[0xe7]N[0x99]R[0xc1][0x92][0xc3]j[0x10][0x9d]8[0x8e][0xd2]xL[0xac][0x9][0xfd]<[0x8c][0x86],*[0x8d][0xfc]$[0xc6][0x88]r[0x1c][0x9a]]]>&#x7f;<![CDATA[D[0x9][0xfd][0xb9]H([0xaa]M^[0xc][0x0]Sa[0x9d]t9Zj[0xae][0x0]P[0xc]4[0xb9][0xbe]>?[0x88][0xcc]]]>&#x7f;<![CDATA[pN[0xbc][0x12]-[0x2]'[\n]"
11:12:02.514 [Test worker] DEBUG org.apache.http.wire - http-outgoing-0 << "[0x85][0x6][0x1][0xf2][0x9e][0x99][0xb1][0xc4]([0xd1][0xd9]w[0xfa][0xbd][0xc1]E[0xc3][0xf2]y[0xc4]y[0x14][0xc8][\n]"
11:12:02.514 [Test worker] DEBUG org.apache.http.wire - http-outgoing-0 << "[0xf]A[0xe5][0xa9][0x88][0xe9][0x8d][0x85][0xf6][0x18]*[0xe9][0xe]*7[0xda][0xf8][0xe4][0x2]p[0x96][\r][0x99][0x96][\r][\n]"
11:12:02.516 [Test worker] DEBUG org.apache.http.wire - http-outgoing-0 << "[0xc7][0xab][0x8b][0xbe][0xc3][0xe5][0x1a][0xd4]B[0x89]J[0xdd][0xbf]]]>&#x7f;<![CDATA[[0x5][0xde][0xc0]A1[0x12][0xd0][0xdf]_[0xb0][0xb2][0x99][0xfc]`f[0x1][0xfa]][0x95][0x8e]r[0xf3]U[0xe9][0x19]h[0x14]Z[0xc]}[0xc6] x[0x87]t[0x7][0xf3][0xc7]![0xdd]9o\[0x0][0xe8][0x7][0xf1][0x89][0xe2]$H[0xbc]0[0x8e][0xc7][0xf8]U[0x16][0xfa]4,[0xb2][0x1][0x86]p$[0xa3][0xd9][0xa9][0x94][0x83]v[0x95]e^[0x11]'[0x1e][0xba]kN[0x1e]S[0x1a][0x7][0x3]()[0xc1]Ffb[0xd4]p[0xc3]+L[0x10][0xde][0xb5]*[0xe7][0x18][0x15][0xe][0xb2]4[0xed]e[0xd9]`n[0xe6][0x6][0xe5]g[0xa6][0xac]U[0xad]'\[0xf4]8mX\J[0xb5]d[0xeb][0x84]4[0xd2][0xb1][0xb2][0x1d][0x92][0xae]:m[0x11][0xa2][0xef][0x80][0xd9]V[0xb2]A[0x88].[0xc5][0xaa][0x97][0xfe]F%[0xf6][0x0][0xfa][0x86]q[0xba][0xf7]7[0xe6]3[0x99]q[0xb7]2[0xb6][0xa5][0xba][0x83]G[0xf2]M[0xbb][0xf3][0x1c][0x12][0x9d]([0x1f][0x0][0xc7]E[0xf8][0xd6][0xc1]3lWy[0x1e][0xa0][0x10][0x4]Eq[0x1a][0x9a][0x88][0xfa]y[0x81][0xf9]w[0x9f][0x99][0x8][0x15][0xa9][0xc8][0xe9][0x9]f[0xa2]0[0xc0]$[0x94]aP[0x8a][0x87][0xba](p[0x9e][0xea][0xf3]1[0x92][0xf3]E5[0xd2]`#[0xab][0xba][0xc5]AL[0x10][0xa8][0x7]^c[0x93][0xe4]&[0xbe]u[0x96][0xd5]B[0x85]Q[0x3]S[0xf7][0xdc]{Pz[0x1f][0x13]L[0xc9][0xe0][0x2][\r]j[\r][0x82][0x84][0xed][0xae]q[0xad][0x93][0xc5][0x8a][0x83]>[0xc6]H[0xbe][0xc3][0xc8]W4#[0xe5][0xa2][0xe9]]'[0x95]x0[0x15]2[0xca]5[0xf9]m[0x8][0x96][0x1b][0xf6][0x88][0xf7]u[0xff][0x15][;[0xb5][0xda][0xa3]e[0xda][0x80]^)UMP1X[0xab]d[0xe5][0xb7]0[0x8a][0x95]K![0xcc]JiT[0x8c]i[0xd7][0xb6]|[0xa8][0x7][0xdf] [0x93]E[0x3][\r][0xd5][0x7][0xc1]{v[0xd0][0xa6]h[0x12][0xa6]#h[0xf1]B[0xea][0xc7].[0xc1][0xc][0xa5][0x9b]([0xf0][0xb3]4[0xcb]N[0x0][0x93][0xe4][0xa9][0x8f][0x9][0xc7]O[0xb][0xea][0xd2][\r][0x1d]R[0x98][0x1f][0xac][0xec][0xb1][0xad]@[0xf7]V[0xed][0x8]r>[0xcc]\[0xed]m[0xd3][0x9f][0xa0][0xe7]_[0xed]b[0xd3][0xd3][0xa0][0xc6][0x18][0xc0].[0xaa]b[0xba]w[0xdd]T[0x9][0x8b][0xbd][0x8e][0xfb]U_`[0xd3][0x8b][0xac][0x17]G[0x80]S[0xec][0x80][0xf3]I[0xa0]E1r[0x7][0x8][0x10]:[0xc5][0x10]/[0x17] [0x16][\r][0x1f]H[0xc3][0xe7][0xd8][0xb3][0xb5][0xf7]7[0xe5][0x5][0xe8][0x16]y[0x9b]T[0xd8]an[0xbd]L[0xc7][)[0xd6][0xe3]eo[0x99][0x9e][0x1f][0xe4][0x84][0xd2][0x1]N>2$L[0x9][0xd5][0x2]6[0xdf][0xc3][0xa6][0x94][0xa5][0xb4]H0[0xb1]"
11:12:02.516 [Test worker] DEBUG org.apache.http.wire - http-outgoing-0 << "[0x4][0xe3][0xf4]%[0xa5][[0x9][0xe8]][0x1c][0xce][0xfd]<[0xc7][0xb4]r"[0xd9]dY[0xf2]s[0x91][0xa5]^[0x9a][0x15][0x94]<R[0xe4]l([0x11][0xe3]4jV[0x8d]$[0xe6]we,a[0x18];[0xa6]j[0xfb][0xc3][0xc4][0xae])[0xad]8[0xae][0xaf]!p-7[0x82][0xd0]ag[0xd1]{3[0xe6]\[\n]"
11:12:02.516 [Test worker] DEBUG org.apache.http.wire - http-outgoing-0 << "S[0xf1][0xf]([0xf7][0xb8]au[0xad][0xa1]v[0x8a][0xf3][0xf6][0xad][0xc6]B[0xd9][0xa0]j[0xa8][0x9a][0x1f][\r][0xc3]ap[0xa8][0x5]g[0xe4][0xa2][0xfb][0xd8][0xfd][0xb7][0x83]A[0xb9]Q[0xd8]L5[0xfe][0xd4]2[0xf7][0xf9]f[0xf][0xa2];[0xe8][0xfd][V[0xe1];RO[0xe6][0xd8]w!B[0xa3]?[0xf8]1[0x14]9 [0xdf]:-[0x17]|[0xe][0x7]A[\n]"
11:12:02.516 [Test worker] DEBUG org.apache.http.wire - http-outgoing-0 << "[0x8b]|[0x1f][0xa4][0xe7][0xf6][0xef] EqH[0xa3][0xdc][0x8b][0xa2]t[0xcc][0x17][0x9c]8[0xf7][0xa3]8O[0x7]0J2?[0x8a][0xe2]S[0xf1]8[0x88][0xa8][0x97]R[0xf7][0x91]1[0xa0][0x3][0xf0][0xb0]v[0x86]j[0xc]#[0xbf][0xdb]<[0xb7][0x99][0xc7][0xb2][0xf1][0xb9][0x8b][0xc5]L`[0xc8][0xad][0x8][0xb4][0xb][0xb4]k,|}[0xc4][0xa7],[0xd3]5[0xd8][0xed]D[0xdc]b[0x9d][0xc4]6.?[0xfd][0xf9]]]>&#x7f;<![CDATA[[0xb5]s%[0xe7][\r][0x16][0x0][0x0][\r][\n]"
11:12:02.517 [Test worker] DEBUG org.apache.http.wire - http-outgoing-0 << "0[\r][\n]"
11:12:02.517 [Test worker] DEBUG org.apache.http.wire - http-outgoing-0 << "[\r][\n]"
11:12:02.517 [Test worker] DEBUG org.apache.http.impl.conn.PoolingHttpClientConnectionManager - Connection [id: 0][route: {s}->https://jsonplaceholder.typicode.com:443] can be kept alive indefinitely
11:12:02.517 [Test worker] DEBUG org.apache.http.impl.conn.DefaultManagedHttpClientConnection - http-outgoing-0: set socket timeout to 0
11:12:02.517 [Test worker] DEBUG org.apache.http.impl.conn.PoolingHttpClientConnectionManager - Connection released: [id: 0][route: {s}->https://jsonplaceholder.typicode.com:443][total available: 1; route allocated: 1 of 5; total allocated: 1 of 10]
11:12:02.517 [Test worker] DEBUG com.intuit.karate - response time in milliseconds: 543,79
1 < 200
1 < Age: 24513
1 < CF-Cache-Status: HIT
1 < CF-RAY: 694587a0cbfd09fe-MIA
1 < Connection: keep-alive
1 < Content-Type: application/json; charset=utf-8
1 < Date: Sat, 25 Sep 2021 16:11:41 GMT
1 < Expect-CT: max-age=604800, report-uri="https://report-uri.cloudflare.com/cdn-cgi/beacon/expect-ct"
1 < NEL: {"success_fraction":0,"report_to":"cf-nel","max_age":604800}
1 < Report-To: {"endpoints":[{"url":"https:\/\/a.nel.cloudflare.com\/report\/v3?s=kczE5WPTrQZOxAL3q5gPCGWlEEbpSBsDAFAc%2F8fGj7GasWLFBvrYpd0O2tqepYwIoHuloc3UnuQjqi%2FNW0Jo4M%2B9QbvZMnscMl58lxXM3L0M5UNocpt%2B9VmAQFUNHfXZ8QuGk3uTlO3ohPj6mPaA"}],"group":"cf-nel","max_age":604800}
1 < Server: cloudflare
1 < Transfer-Encoding: chunked
1 < access-control-allow-credentials: true
1 < alt-svc: h3=":443"; ma=86400, h3-29=":443"; ma=86400, h3-28=":443"; ma=86400, h3-27=":443"; ma=86400
1 < cache-control: max-age=43200
1 < etag: W/"160d-1eMSsxeJRfnVLRBmYJSbCiJZ1qQ"
1 < expires: -1
1 < pragma: no-cache
1 < vary: Origin, Accept-Encoding
1 < via: 1.1 vegur
1 < x-content-type-options: nosniff
1 < x-powered-by: Express
1 < x-ratelimit-limit: 1000
1 < x-ratelimit-remaining: 999
1 < x-ratelimit-reset: 1631494203
[
  {
    "id": 1,
    "name": "Leanne Graham",
    "username": "Bret",
    "email": "Sincere@april.biz",
    "address": {
      "street": "Kulas Light",
      "suite": "Apt. 556",
      "city": "Gwenborough",
      "zipcode": "92998-3874",
      "geo": {
        "lat": "-37.3159",
        "lng": "81.1496"
      }
    },
    "phone": "1-770-736-8031 x56442",
    "website": "hildegard.org",
    "company": {
      "name": "Romaguera-Crona",
      "catchPhrase": "Multi-layered client-server neural-net",
      "bs": "harness real-time e-markets"
    }
  },
  {
    "id": 2,
    "name": "Ervin Howell",
    "username": "Antonette",
    "email": "Shanna@melissa.tv",
    "address": {
      "street": "Victor Plains",
      "suite": "Suite 879",
      "city": "Wisokyburgh",
      "zipcode": "90566-7771",
      "geo": {
        "lat": "-43.9509",
        "lng": "-34.4618"
      }
    },
    "phone": "010-692-6593 x09125",
    "website": "anastasia.net",
    "company": {
      "name": "Deckow-Crist",
      "catchPhrase": "Proactive didactic contingency",
      "bs": "synergize scalable supply-chains"
    }
  },
  {
    "id": 3,
    "name": "Clementine Bauch",
    "username": "Samantha",
    "email": "Nathan@yesenia.net",
    "address": {
      "street": "Douglas Extension",
      "suite": "Suite 847",
      "city": "McKenziehaven",
      "zipcode": "59590-4157",
      "geo": {
        "lat": "-68.6102",
        "lng": "-47.0653"
      }
    },
    "phone": "1-463-123-4447",
    "website": "ramiro.info",
    "company": {
      "name": "Romaguera-Jacobson",
      "catchPhrase": "Face to face bifurcated interface",
      "bs": "e-enable strategic applications"
    }
  },
  {
    "id": 4,
    "name": "Patricia Lebsack",
    "username": "Karianne",
    "email": "Julianne.OConner@kory.org",
    "address": {
      "street": "Hoeger Mall",
      "suite": "Apt. 692",
      "city": "South Elvis",
      "zipcode": "53919-4257",
      "geo": {
        "lat": "29.4572",
        "lng": "-164.2990"
      }
    },
    "phone": "493-170-9623 x156",
    "website": "kale.biz",
    "company": {
      "name": "Robel-Corkery",
      "catchPhrase": "Multi-tiered zero tolerance productivity",
      "bs": "transition cutting-edge web services"
    }
  },
  {
    "id": 5,
    "name": "Chelsey Dietrich",
    "username": "Kamren",
    "email": "Lucio_Hettinger@annie.ca",
    "address": {
      "street": "Skiles Walks",
      "suite": "Suite 351",
      "city": "Roscoeview",
      "zipcode": "33263",
      "geo": {
        "lat": "-31.8129",
        "lng": "62.5342"
      }
    },
    "phone": "(254)954-1289",
    "website": "demarco.info",
    "company": {
      "name": "Keebler LLC",
      "catchPhrase": "User-centric fault-tolerant solution",
      "bs": "revolutionize end-to-end systems"
    }
  },
  {
    "id": 6,
    "name": "Mrs. Dennis Schulist",
    "username": "Leopoldo_Corkery",
    "email": "Karley_Dach@jasper.info",
    "address": {
      "street": "Norberto Crossing",
      "suite": "Apt. 950",
      "city": "South Christy",
      "zipcode": "23505-1337",
      "geo": {
        "lat": "-71.4197",
        "lng": "71.7478"
      }
    },
    "phone": "1-477-935-8478 x6430",
    "website": "ola.org",
    "company": {
      "name": "Considine-Lockman",
      "catchPhrase": "Synchronised bottom-line interface",
      "bs": "e-enable innovative applications"
    }
  },
  {
    "id": 7,
    "name": "Kurtis Weissnat",
    "username": "Elwyn.Skiles",
    "email": "Telly.Hoeger@billy.biz",
    "address": {
      "street": "Rex Trail",
      "suite": "Suite 280",
      "city": "Howemouth",
      "zipcode": "58804-1099",
      "geo": {
        "lat": "24.8918",
        "lng": "21.8984"
      }
    },
    "phone": "210.067.6132",
    "website": "elvis.io",
    "company": {
      "name": "Johns Group",
      "catchPhrase": "Configurable multimedia task-force",
      "bs": "generate enterprise e-tailers"
    }
  },
  {
    "id": 8,
    "name": "Nicholas Runolfsdottir V",
    "username": "Maxime_Nienow",
    "email": "Sherwood@rosamond.me",
    "address": {
      "street": "Ellsworth Summit",
      "suite": "Suite 729",
      "city": "Aliyaview",
      "zipcode": "45169",
      "geo": {
        "lat": "-14.3990",
        "lng": "-120.7677"
      }
    },
    "phone": "586.493.6943 x140",
    "website": "jacynthe.com",
    "company": {
      "name": "Abernathy Group",
      "catchPhrase": "Implemented secondary concept",
      "bs": "e-enable extensible e-tailers"
    }
  },
  {
    "id": 9,
    "name": "Glenna Reichert",
    "username": "Delphine",
    "email": "Chaim_McDermott@dana.io",
    "address": {
      "street": "Dayna Park",
      "suite": "Suite 449",
      "city": "Bartholomebury",
      "zipcode": "76495-3109",
      "geo": {
        "lat": "24.6463",
        "lng": "-168.8889"
      }
    },
    "phone": "(775)976-6794 x41206",
    "website": "conrad.com",
    "company": {
      "name": "Yost and Sons",
      "catchPhrase": "Switchable contextually-based project",
      "bs": "aggregate real-time technologies"
    }
  },
  {
    "id": 10,
    "name": "Clementina DuBuque",
    "username": "Moriah.Stanton",
    "email": "Rey.Padberg@karina.biz",
    "address": {
      "street": "Kattie Turnpike",
      "suite": "Suite 198",
      "city": "Lebsackbury",
      "zipcode": "31428-2261",
      "geo": {
        "lat": "-38.2386",
        "lng": "57.2232"
      }
    },
    "phone": "024-648-3804",
    "website": "ambrose.net",
    "company": {
      "name": "Hoeger LLC",
      "catchPhrase": "Centralized empowering task-force",
      "bs": "target end-to-end models"
    }
  }
]

11:12:02.529 [Test worker] DEBUG com.jayway.jsonpath.internal.path.CompiledPath - Evaluating path: $
11:12:02.541 [Test worker] DEBUG org.apache.http.client.protocol.RequestAddCookies - CookieSpec selected: karate
11:12:02.541 [Test worker] DEBUG org.apache.http.client.protocol.RequestAuthCache - Auth cache not set in the context
11:12:02.542 [Test worker] DEBUG com.intuit.karate - request:
2 > GET https://jsonplaceholder.typicode.com/users/1
2 > Accept-Encoding: gzip,deflate
2 > Connection: Keep-Alive
2 > Host: jsonplaceholder.typicode.com
2 > User-Agent: Apache-HttpClient/4.5.12 (Java/1.8.0_301)

11:12:02.542 [Test worker] DEBUG org.apache.http.impl.conn.PoolingHttpClientConnectionManager - Connection request: [route: {s}->https://jsonplaceholder.typicode.com:443][total available: 0; route allocated: 0 of 5; total allocated: 0 of 10]
11:12:02.542 [Test worker] DEBUG org.apache.http.impl.conn.PoolingHttpClientConnectionManager - Connection leased: [id: 1][route: {s}->https://jsonplaceholder.typicode.com:443][total available: 0; route allocated: 1 of 5; total allocated: 1 of 10]
11:12:02.542 [Test worker] DEBUG org.apache.http.impl.execchain.MainClientExec - Opening connection {s}->https://jsonplaceholder.typicode.com:443
11:12:02.542 [Test worker] DEBUG org.apache.http.impl.conn.DefaultHttpClientConnectionOperator - Connecting to jsonplaceholder.typicode.com/104.21.4.48:443
11:12:02.542 [Test worker] DEBUG org.apache.http.conn.ssl.SSLConnectionSocketFactory - Connecting socket to jsonplaceholder.typicode.com/104.21.4.48:443 with timeout 30000
11:12:02.592 [Test worker] DEBUG org.apache.http.conn.ssl.SSLConnectionSocketFactory - Enabled protocols: [TLSv1.2]
11:12:02.593 [Test worker] DEBUG org.apache.http.conn.ssl.SSLConnectionSocketFactory - Enabled cipher suites:[TLS_ECDHE_ECDSA_WITH_AES_256_GCM_SHA384, TLS_ECDHE_ECDSA_WITH_AES_128_GCM_SHA256, TLS_ECDHE_RSA_WITH_AES_256_GCM_SHA384, TLS_RSA_WITH_AES_256_GCM_SHA384, TLS_ECDH_ECDSA_WITH_AES_256_GCM_SHA384, TLS_ECDH_RSA_WITH_AES_256_GCM_SHA384, TLS_DHE_RSA_WITH_AES_256_GCM_SHA384, TLS_DHE_DSS_WITH_AES_256_GCM_SHA384, TLS_ECDHE_RSA_WITH_AES_128_GCM_SHA256, TLS_RSA_WITH_AES_128_GCM_SHA256, TLS_ECDH_ECDSA_WITH_AES_128_GCM_SHA256, TLS_ECDH_RSA_WITH_AES_128_GCM_SHA256, TLS_DHE_RSA_WITH_AES_128_GCM_SHA256, TLS_DHE_DSS_WITH_AES_128_GCM_SHA256, TLS_ECDHE_ECDSA_WITH_AES_256_CBC_SHA384, TLS_ECDHE_RSA_WITH_AES_256_CBC_SHA384, TLS_RSA_WITH_AES_256_CBC_SHA256, TLS_ECDH_ECDSA_WITH_AES_256_CBC_SHA384, TLS_ECDH_RSA_WITH_AES_256_CBC_SHA384, TLS_DHE_RSA_WITH_AES_256_CBC_SHA256, TLS_DHE_DSS_WITH_AES_256_CBC_SHA256, TLS_ECDHE_ECDSA_WITH_AES_256_CBC_SHA, TLS_ECDHE_RSA_WITH_AES_256_CBC_SHA, TLS_RSA_WITH_AES_256_CBC_SHA, TLS_ECDH_ECDSA_WITH_AES_256_CBC_SHA, TLS_ECDH_RSA_WITH_AES_256_CBC_SHA, TLS_DHE_RSA_WITH_AES_256_CBC_SHA, TLS_DHE_DSS_WITH_AES_256_CBC_SHA, TLS_ECDHE_ECDSA_WITH_AES_128_CBC_SHA256, TLS_ECDHE_RSA_WITH_AES_128_CBC_SHA256, TLS_RSA_WITH_AES_128_CBC_SHA256, TLS_ECDH_ECDSA_WITH_AES_128_CBC_SHA256, TLS_ECDH_RSA_WITH_AES_128_CBC_SHA256, TLS_DHE_RSA_WITH_AES_128_CBC_SHA256, TLS_DHE_DSS_WITH_AES_128_CBC_SHA256, TLS_ECDHE_ECDSA_WITH_AES_128_CBC_SHA, TLS_ECDHE_RSA_WITH_AES_128_CBC_SHA, TLS_RSA_WITH_AES_128_CBC_SHA, TLS_ECDH_ECDSA_WITH_AES_128_CBC_SHA, TLS_ECDH_RSA_WITH_AES_128_CBC_SHA, TLS_DHE_RSA_WITH_AES_128_CBC_SHA, TLS_DHE_DSS_WITH_AES_128_CBC_SHA, TLS_EMPTY_RENEGOTIATION_INFO_SCSV]
11:12:02.593 [Test worker] DEBUG org.apache.http.conn.ssl.SSLConnectionSocketFactory - Starting handshake
11:12:02.726 [Test worker] DEBUG org.apache.http.conn.ssl.SSLConnectionSocketFactory - Secure session established
11:12:02.726 [Test worker] DEBUG org.apache.http.conn.ssl.SSLConnectionSocketFactory -  negotiated protocol: TLSv1.2
11:12:02.726 [Test worker] DEBUG org.apache.http.conn.ssl.SSLConnectionSocketFactory -  negotiated cipher suite: TLS_ECDHE_ECDSA_WITH_AES_128_GCM_SHA256
11:12:02.726 [Test worker] DEBUG org.apache.http.conn.ssl.SSLConnectionSocketFactory -  peer principal: CN=sni.cloudflaressl.com, O="Cloudflare, Inc.", L=San Francisco, ST=California, C=US
11:12:02.726 [Test worker] DEBUG org.apache.http.conn.ssl.SSLConnectionSocketFactory -  peer alternative names: [typicode.com, sni.cloudflaressl.com, *.typicode.com]
11:12:02.726 [Test worker] DEBUG org.apache.http.conn.ssl.SSLConnectionSocketFactory -  issuer principal: CN=Cloudflare Inc ECC CA-3, O="Cloudflare, Inc.", C=US
11:12:02.727 [Test worker] DEBUG org.apache.http.impl.conn.DefaultHttpClientConnectionOperator - Connection established 192.168.1.58:51631<->104.21.4.48:443
11:12:02.727 [Test worker] DEBUG org.apache.http.impl.conn.DefaultManagedHttpClientConnection - http-outgoing-1: set socket timeout to 30000
11:12:02.727 [Test worker] DEBUG org.apache.http.impl.execchain.MainClientExec - Executing request GET /users/1 HTTP/1.1
11:12:02.727 [Test worker] DEBUG org.apache.http.impl.execchain.MainClientExec - Target auth state: UNCHALLENGED
11:12:02.727 [Test worker] DEBUG org.apache.http.impl.execchain.MainClientExec - Proxy auth state: UNCHALLENGED
11:12:02.727 [Test worker] DEBUG org.apache.http.headers - http-outgoing-1 >> GET /users/1 HTTP/1.1
11:12:02.727 [Test worker] DEBUG org.apache.http.headers - http-outgoing-1 >> Host: jsonplaceholder.typicode.com
11:12:02.727 [Test worker] DEBUG org.apache.http.headers - http-outgoing-1 >> Connection: Keep-Alive
11:12:02.727 [Test worker] DEBUG org.apache.http.headers - http-outgoing-1 >> User-Agent: Apache-HttpClient/4.5.12 (Java/1.8.0_301)
11:12:02.727 [Test worker] DEBUG org.apache.http.headers - http-outgoing-1 >> Accept-Encoding: gzip,deflate
11:12:02.727 [Test worker] DEBUG org.apache.http.wire - http-outgoing-1 >> "GET /users/1 HTTP/1.1[\r][\n]"
11:12:02.727 [Test worker] DEBUG org.apache.http.wire - http-outgoing-1 >> "Host: jsonplaceholder.typicode.com[\r][\n]"
11:12:02.727 [Test worker] DEBUG org.apache.http.wire - http-outgoing-1 >> "Connection: Keep-Alive[\r][\n]"
11:12:02.727 [Test worker] DEBUG org.apache.http.wire - http-outgoing-1 >> "User-Agent: Apache-HttpClient/4.5.12 (Java/1.8.0_301)[\r][\n]"
11:12:02.727 [Test worker] DEBUG org.apache.http.wire - http-outgoing-1 >> "Accept-Encoding: gzip,deflate[\r][\n]"
11:12:02.727 [Test worker] DEBUG org.apache.http.wire - http-outgoing-1 >> "[\r][\n]"
11:12:02.796 [Test worker] DEBUG org.apache.http.wire - http-outgoing-1 << "HTTP/1.1 200 OK[\r][\n]"
11:12:02.796 [Test worker] DEBUG org.apache.http.wire - http-outgoing-1 << "Date: Sat, 25 Sep 2021 16:11:41 GMT[\r][\n]"
11:12:02.796 [Test worker] DEBUG org.apache.http.wire - http-outgoing-1 << "Content-Type: application/json; charset=utf-8[\r][\n]"
11:12:02.796 [Test worker] DEBUG org.apache.http.wire - http-outgoing-1 << "Transfer-Encoding: chunked[\r][\n]"
11:12:02.796 [Test worker] DEBUG org.apache.http.wire - http-outgoing-1 << "Connection: keep-alive[\r][\n]"
11:12:02.796 [Test worker] DEBUG org.apache.http.wire - http-outgoing-1 << "x-powered-by: Express[\r][\n]"
11:12:02.796 [Test worker] DEBUG org.apache.http.wire - http-outgoing-1 << "x-ratelimit-limit: 1000[\r][\n]"
11:12:02.796 [Test worker] DEBUG org.apache.http.wire - http-outgoing-1 << "x-ratelimit-remaining: 998[\r][\n]"
11:12:02.796 [Test worker] DEBUG org.apache.http.wire - http-outgoing-1 << "x-ratelimit-reset: 1632429065[\r][\n]"
11:12:02.796 [Test worker] DEBUG org.apache.http.wire - http-outgoing-1 << "vary: Origin, Accept-Encoding[\r][\n]"
11:12:02.796 [Test worker] DEBUG org.apache.http.wire - http-outgoing-1 << "access-control-allow-credentials: true[\r][\n]"
11:12:02.796 [Test worker] DEBUG org.apache.http.wire - http-outgoing-1 << "cache-control: max-age=43200[\r][\n]"
11:12:02.796 [Test worker] DEBUG org.apache.http.wire - http-outgoing-1 << "pragma: no-cache[\r][\n]"
11:12:02.796 [Test worker] DEBUG org.apache.http.wire - http-outgoing-1 << "expires: -1[\r][\n]"
11:12:02.796 [Test worker] DEBUG org.apache.http.wire - http-outgoing-1 << "x-content-type-options: nosniff[\r][\n]"
11:12:02.796 [Test worker] DEBUG org.apache.http.wire - http-outgoing-1 << "etag: W/"1fd-+2Y3G3w049iSZtw5t1mzSnunngE"[\r][\n]"
11:12:02.796 [Test worker] DEBUG org.apache.http.wire - http-outgoing-1 << "via: 1.1 vegur[\r][\n]"
11:12:02.796 [Test worker] DEBUG org.apache.http.wire - http-outgoing-1 << "CF-Cache-Status: HIT[\r][\n]"
11:12:02.796 [Test worker] DEBUG org.apache.http.wire - http-outgoing-1 << "Age: 5577[\r][\n]"
11:12:02.796 [Test worker] DEBUG org.apache.http.wire - http-outgoing-1 << "Expect-CT: max-age=604800, report-uri="https://report-uri.cloudflare.com/cdn-cgi/beacon/expect-ct"[\r][\n]"
11:12:02.796 [Test worker] DEBUG org.apache.http.wire - http-outgoing-1 << "Report-To: {"endpoints":[{"url":"https:\/\/a.nel.cloudflare.com\/report\/v3?s=jTsnsXN9%2F0lh5pRShgE7Yh%2BbzBJBivJ0%2BlHcZyCnuAdX%2Be7q1AFg%2Bu%2FVUsDHSJS9KJ0dM3rPD3l1hdZa7bND0t8TE54RMxnHAz5btRZmIZyZEqc47zhjkLyZXETzc2SBnwcHX4XMGi4a0Cw3i5GM"}],"group":"cf-nel","max_age":604800}[\r][\n]"
11:12:02.796 [Test worker] DEBUG org.apache.http.wire - http-outgoing-1 << "NEL: {"success_fraction":0,"report_to":"cf-nel","max_age":604800}[\r][\n]"
11:12:02.796 [Test worker] DEBUG org.apache.http.wire - http-outgoing-1 << "Server: cloudflare[\r][\n]"
11:12:02.796 [Test worker] DEBUG org.apache.http.wire - http-outgoing-1 << "CF-RAY: 694587a29b9c127f-MIA[\r][\n]"
11:12:02.796 [Test worker] DEBUG org.apache.http.wire - http-outgoing-1 << "Content-Encoding: gzip[\r][\n]"
11:12:02.796 [Test worker] DEBUG org.apache.http.wire - http-outgoing-1 << "alt-svc: h3=":443"; ma=86400, h3-29=":443"; ma=86400, h3-28=":443"; ma=86400, h3-27=":443"; ma=86400[\r][\n]"
11:12:02.796 [Test worker] DEBUG org.apache.http.wire - http-outgoing-1 << "[\r][\n]"
11:12:02.796 [Test worker] DEBUG org.apache.http.wire - http-outgoing-1 << "149[\r][\n]"
11:12:02.796 [Test worker] DEBUG org.apache.http.wire - http-outgoing-1 << "[0x1f][0x8b][0x8][0x0][0x0][0x0][0x0][0x0][0x0][0x3]E[0x90][0xcd]n[0x83]0[0x10][0x84][0xef]<[0xc5][0xca][0xe7][0x1a][0x95][0x0][0x1]r[0xea][0xcf]![0x87][0xa6]R[0xd5]>[0xc1][0x2]+[0xb0]jl[0xb4]6M[0x93]([0xef]^aBz[0xb3][0xe6][0xdb][0xf5][0xec][0xcc]%[0x2][0x10][0xaa][0x15];H[0x1e][0xe6][0xa7][0xc1][0x81][0xc4][0xe][0xc4][0x81][0xd0][0x18][0x82]=c[0x8f][0x83][0x8]hr[0xc4]+~a[0xf2][0x8b]J[0x3]*=K_[0xca]4[0xc4][0xf4][0x84]#+[0x1d][0xd7][0xea][0xbc]pl[&[0xe7][0xc4][0xe].[0x11][0x0][0x80]p[0x9e][0x89][0xfc][0xbc][0xf1]6itpP][0xbf][0xfc]5[0xc3]I[0xf9]`[0xf0]<[0xfa][0x18][0xf2]|[0xbb][0x82]F[0xf9][0xd3][0xac][0xef][0x8f]dj[0xcb]v[0xea][0xfa][0x15][0x9d][0xd5][0xd8][0xd8]6lU[0x9b][0xaa]*eZ[0x16][0xd9][\n]"
11:12:02.796 [Test worker] DEBUG org.apache.http.wire - http-outgoing-1 << ";[0xb2]wk[0x0][0xa1]18[0xcb][0xb4][0x88][0xd3]$[0xaf]nS30[0xdd][0xc][0xca]$N[0xb2]j+[0x82]|[0x8d][0x0][0xae]![0xc4][0xd8][[0x13][0xc][0x12]Y[0x14][0x8f][0xb2]H[0xb7][0xb2]|L[0x13][0xf8][0xcd][0xb7]"
11:12:02.796 [Test worker] DEBUG org.apache.http.headers - http-outgoing-1 << HTTP/1.1 200 OK
11:12:02.796 [Test worker] DEBUG org.apache.http.headers - http-outgoing-1 << Date: Sat, 25 Sep 2021 16:11:41 GMT
11:12:02.797 [Test worker] DEBUG org.apache.http.headers - http-outgoing-1 << Content-Type: application/json; charset=utf-8
11:12:02.797 [Test worker] DEBUG org.apache.http.headers - http-outgoing-1 << Transfer-Encoding: chunked
11:12:02.797 [Test worker] DEBUG org.apache.http.headers - http-outgoing-1 << Connection: keep-alive
11:12:02.797 [Test worker] DEBUG org.apache.http.headers - http-outgoing-1 << x-powered-by: Express
11:12:02.797 [Test worker] DEBUG org.apache.http.headers - http-outgoing-1 << x-ratelimit-limit: 1000
11:12:02.797 [Test worker] DEBUG org.apache.http.headers - http-outgoing-1 << x-ratelimit-remaining: 998
11:12:02.797 [Test worker] DEBUG org.apache.http.headers - http-outgoing-1 << x-ratelimit-reset: 1632429065
11:12:02.797 [Test worker] DEBUG org.apache.http.headers - http-outgoing-1 << vary: Origin, Accept-Encoding
11:12:02.797 [Test worker] DEBUG org.apache.http.headers - http-outgoing-1 << access-control-allow-credentials: true
11:12:02.797 [Test worker] DEBUG org.apache.http.headers - http-outgoing-1 << cache-control: max-age=43200
11:12:02.797 [Test worker] DEBUG org.apache.http.headers - http-outgoing-1 << pragma: no-cache
11:12:02.797 [Test worker] DEBUG org.apache.http.headers - http-outgoing-1 << expires: -1
11:12:02.797 [Test worker] DEBUG org.apache.http.headers - http-outgoing-1 << x-content-type-options: nosniff
11:12:02.797 [Test worker] DEBUG org.apache.http.headers - http-outgoing-1 << etag: W/"1fd-+2Y3G3w049iSZtw5t1mzSnunngE"
11:12:02.797 [Test worker] DEBUG org.apache.http.headers - http-outgoing-1 << via: 1.1 vegur
11:12:02.797 [Test worker] DEBUG org.apache.http.headers - http-outgoing-1 << CF-Cache-Status: HIT
11:12:02.797 [Test worker] DEBUG org.apache.http.headers - http-outgoing-1 << Age: 5577
11:12:02.797 [Test worker] DEBUG org.apache.http.headers - http-outgoing-1 << Expect-CT: max-age=604800, report-uri="https://report-uri.cloudflare.com/cdn-cgi/beacon/expect-ct"
11:12:02.797 [Test worker] DEBUG org.apache.http.headers - http-outgoing-1 << Report-To: {"endpoints":[{"url":"https:\/\/a.nel.cloudflare.com\/report\/v3?s=jTsnsXN9%2F0lh5pRShgE7Yh%2BbzBJBivJ0%2BlHcZyCnuAdX%2Be7q1AFg%2Bu%2FVUsDHSJS9KJ0dM3rPD3l1hdZa7bND0t8TE54RMxnHAz5btRZmIZyZEqc47zhjkLyZXETzc2SBnwcHX4XMGi4a0Cw3i5GM"}],"group":"cf-nel","max_age":604800}
11:12:02.797 [Test worker] DEBUG org.apache.http.headers - http-outgoing-1 << NEL: {"success_fraction":0,"report_to":"cf-nel","max_age":604800}
11:12:02.797 [Test worker] DEBUG org.apache.http.headers - http-outgoing-1 << Server: cloudflare
11:12:02.797 [Test worker] DEBUG org.apache.http.headers - http-outgoing-1 << CF-RAY: 694587a29b9c127f-MIA
11:12:02.797 [Test worker] DEBUG org.apache.http.headers - http-outgoing-1 << Content-Encoding: gzip
11:12:02.797 [Test worker] DEBUG org.apache.http.headers - http-outgoing-1 << alt-svc: h3=":443"; ma=86400, h3-29=":443"; ma=86400, h3-28=":443"; ma=86400, h3-27=":443"; ma=86400
11:12:02.797 [Test worker] DEBUG org.apache.http.impl.execchain.MainClientExec - Connection can be kept alive indefinitely
11:12:02.798 [Test worker] DEBUG org.apache.http.wire - http-outgoing-1 << "Y[0xb6]Y[0x82][0x1e][0xa9]v[0xb7][0xe3]{[0xa5][[0xea][0x90][0xdb][0xd8]r[0xb7][0xd0][0xc6][0xe]#[0x9a][0xd3]]]>&#x7f;<![CDATA[[\r]k[0x93][0x9f]v[0xc0]n"F[0xf9][0xca][0xd6][0xe0]=/[0xfa][0xa6][0xff][0xe8][0x19]][0x98]z[0x9f][0xb4]WR[0xe3][0x89][0x98]Zh[0xb4]"[0xe3][0xa5]#[0xfe]![0x6]C[0x13][0xa3][0x96][0x86][0xee]-[0xd6].\[0x81]l[0xc8]9`B-[0xbd][0x1a][0x8]H[0xe][0xc8][0xdf][0xe4][0xdd][0x9c][0xef][0x1a]][0xff][0x0]gH[0xce]E[0xfd][0x1][0x0][0x0][\r][\n]"
11:12:02.798 [Test worker] DEBUG org.apache.http.wire - http-outgoing-1 << "0[\r][\n]"
11:12:02.798 [Test worker] DEBUG org.apache.http.wire - http-outgoing-1 << "[\r][\n]"
11:12:02.798 [Test worker] DEBUG org.apache.http.impl.conn.PoolingHttpClientConnectionManager - Connection [id: 1][route: {s}->https://jsonplaceholder.typicode.com:443] can be kept alive indefinitely
11:12:02.798 [Test worker] DEBUG org.apache.http.impl.conn.DefaultManagedHttpClientConnection - http-outgoing-1: set socket timeout to 0
11:12:02.798 [Test worker] DEBUG org.apache.http.impl.conn.PoolingHttpClientConnectionManager - Connection released: [id: 1][route: {s}->https://jsonplaceholder.typicode.com:443][total available: 1; route allocated: 1 of 5; total allocated: 1 of 10]
11:12:02.798 [Test worker] DEBUG com.intuit.karate - response time in milliseconds: 254,85
2 < 200
2 < Age: 5577
2 < CF-Cache-Status: HIT
2 < CF-RAY: 694587a29b9c127f-MIA
2 < Connection: keep-alive
2 < Content-Type: application/json; charset=utf-8
2 < Date: Sat, 25 Sep 2021 16:11:41 GMT
2 < Expect-CT: max-age=604800, report-uri="https://report-uri.cloudflare.com/cdn-cgi/beacon/expect-ct"
2 < NEL: {"success_fraction":0,"report_to":"cf-nel","max_age":604800}
2 < Report-To: {"endpoints":[{"url":"https:\/\/a.nel.cloudflare.com\/report\/v3?s=jTsnsXN9%2F0lh5pRShgE7Yh%2BbzBJBivJ0%2BlHcZyCnuAdX%2Be7q1AFg%2Bu%2FVUsDHSJS9KJ0dM3rPD3l1hdZa7bND0t8TE54RMxnHAz5btRZmIZyZEqc47zhjkLyZXETzc2SBnwcHX4XMGi4a0Cw3i5GM"}],"group":"cf-nel","max_age":604800}
2 < Server: cloudflare
2 < Transfer-Encoding: chunked
2 < access-control-allow-credentials: true
2 < alt-svc: h3=":443"; ma=86400, h3-29=":443"; ma=86400, h3-28=":443"; ma=86400, h3-27=":443"; ma=86400
2 < cache-control: max-age=43200
2 < etag: W/"1fd-+2Y3G3w049iSZtw5t1mzSnunngE"
2 < expires: -1
2 < pragma: no-cache
2 < vary: Origin, Accept-Encoding
2 < via: 1.1 vegur
2 < x-content-type-options: nosniff
2 < x-powered-by: Express
2 < x-ratelimit-limit: 1000
2 < x-ratelimit-remaining: 998
2 < x-ratelimit-reset: 1632429065
{
  "id": 1,
  "name": "Leanne Graham",
  "username": "Bret",
  "email": "Sincere@april.biz",
  "address": {
    "street": "Kulas Light",
    "suite": "Apt. 556",
    "city": "Gwenborough",
    "zipcode": "92998-3874",
    "geo": {
      "lat": "-37.3159",
      "lng": "81.1496"
    }
  },
  "phone": "1-770-736-8031 x56442",
  "website": "hildegard.org",
  "company": {
    "name": "Romaguera-Crona",
    "catchPhrase": "Multi-layered client-server neural-net",
    "bs": "harness real-time e-markets"
  }
}

11:12:02.812 [Test worker] INFO com.intuit.karate - karate.env system property was:  
11:12:02.812 [Test worker] DEBUG com.jayway.jsonpath.internal.path.CompiledPath - Evaluating path: $
11:12:02.813 [Test worker] DEBUG com.jayway.jsonpath.internal.path.CompiledPath - Evaluating path: $
11:12:02.820 [Test worker] DEBUG org.apache.http.client.protocol.RequestAddCookies - CookieSpec selected: karate
11:12:02.820 [Test worker] DEBUG org.apache.http.client.protocol.RequestAuthCache - Auth cache not set in the context
11:12:02.820 [Test worker] DEBUG com.intuit.karate - request:
1 > POST https://jsonplaceholder.typicode.com/users
1 > Accept-Encoding: gzip,deflate
1 > Connection: Keep-Alive
1 > Content-Length: 160
1 > Content-Type: application/json; charset=UTF-8
1 > Host: jsonplaceholder.typicode.com
1 > User-Agent: Apache-HttpClient/4.5.12 (Java/1.8.0_301)
{"name":"Test User","username":"testuser","email":"test@user.com","address":{"street":"Has No Name","suite":"Apt. 123","city":"Electri","zipcode":"54321-6789"}}

11:12:02.821 [Test worker] DEBUG org.apache.http.impl.conn.PoolingHttpClientConnectionManager - Connection request: [route: {s}->https://jsonplaceholder.typicode.com:443][total available: 0; route allocated: 0 of 5; total allocated: 0 of 10]
11:12:02.821 [Test worker] DEBUG org.apache.http.impl.conn.PoolingHttpClientConnectionManager - Connection leased: [id: 2][route: {s}->https://jsonplaceholder.typicode.com:443][total available: 0; route allocated: 1 of 5; total allocated: 1 of 10]
11:12:02.821 [Test worker] DEBUG org.apache.http.impl.execchain.MainClientExec - Opening connection {s}->https://jsonplaceholder.typicode.com:443
11:12:02.821 [Test worker] DEBUG org.apache.http.impl.conn.DefaultHttpClientConnectionOperator - Connecting to jsonplaceholder.typicode.com/104.21.4.48:443
11:12:02.821 [Test worker] DEBUG org.apache.http.conn.ssl.SSLConnectionSocketFactory - Connecting socket to jsonplaceholder.typicode.com/104.21.4.48:443 with timeout 30000
11:12:02.869 [Test worker] DEBUG org.apache.http.conn.ssl.SSLConnectionSocketFactory - Enabled protocols: [TLSv1.2]
11:12:02.870 [Test worker] DEBUG org.apache.http.conn.ssl.SSLConnectionSocketFactory - Enabled cipher suites:[TLS_ECDHE_ECDSA_WITH_AES_256_GCM_SHA384, TLS_ECDHE_ECDSA_WITH_AES_128_GCM_SHA256, TLS_ECDHE_RSA_WITH_AES_256_GCM_SHA384, TLS_RSA_WITH_AES_256_GCM_SHA384, TLS_ECDH_ECDSA_WITH_AES_256_GCM_SHA384, TLS_ECDH_RSA_WITH_AES_256_GCM_SHA384, TLS_DHE_RSA_WITH_AES_256_GCM_SHA384, TLS_DHE_DSS_WITH_AES_256_GCM_SHA384, TLS_ECDHE_RSA_WITH_AES_128_GCM_SHA256, TLS_RSA_WITH_AES_128_GCM_SHA256, TLS_ECDH_ECDSA_WITH_AES_128_GCM_SHA256, TLS_ECDH_RSA_WITH_AES_128_GCM_SHA256, TLS_DHE_RSA_WITH_AES_128_GCM_SHA256, TLS_DHE_DSS_WITH_AES_128_GCM_SHA256, TLS_ECDHE_ECDSA_WITH_AES_256_CBC_SHA384, TLS_ECDHE_RSA_WITH_AES_256_CBC_SHA384, TLS_RSA_WITH_AES_256_CBC_SHA256, TLS_ECDH_ECDSA_WITH_AES_256_CBC_SHA384, TLS_ECDH_RSA_WITH_AES_256_CBC_SHA384, TLS_DHE_RSA_WITH_AES_256_CBC_SHA256, TLS_DHE_DSS_WITH_AES_256_CBC_SHA256, TLS_ECDHE_ECDSA_WITH_AES_256_CBC_SHA, TLS_ECDHE_RSA_WITH_AES_256_CBC_SHA, TLS_RSA_WITH_AES_256_CBC_SHA, TLS_ECDH_ECDSA_WITH_AES_256_CBC_SHA, TLS_ECDH_RSA_WITH_AES_256_CBC_SHA, TLS_DHE_RSA_WITH_AES_256_CBC_SHA, TLS_DHE_DSS_WITH_AES_256_CBC_SHA, TLS_ECDHE_ECDSA_WITH_AES_128_CBC_SHA256, TLS_ECDHE_RSA_WITH_AES_128_CBC_SHA256, TLS_RSA_WITH_AES_128_CBC_SHA256, TLS_ECDH_ECDSA_WITH_AES_128_CBC_SHA256, TLS_ECDH_RSA_WITH_AES_128_CBC_SHA256, TLS_DHE_RSA_WITH_AES_128_CBC_SHA256, TLS_DHE_DSS_WITH_AES_128_CBC_SHA256, TLS_ECDHE_ECDSA_WITH_AES_128_CBC_SHA, TLS_ECDHE_RSA_WITH_AES_128_CBC_SHA, TLS_RSA_WITH_AES_128_CBC_SHA, TLS_ECDH_ECDSA_WITH_AES_128_CBC_SHA, TLS_ECDH_RSA_WITH_AES_128_CBC_SHA, TLS_DHE_RSA_WITH_AES_128_CBC_SHA, TLS_DHE_DSS_WITH_AES_128_CBC_SHA, TLS_EMPTY_RENEGOTIATION_INFO_SCSV]
11:12:02.870 [Test worker] DEBUG org.apache.http.conn.ssl.SSLConnectionSocketFactory - Starting handshake
11:12:03.041 [Test worker] DEBUG org.apache.http.conn.ssl.SSLConnectionSocketFactory - Secure session established
11:12:03.041 [Test worker] DEBUG org.apache.http.conn.ssl.SSLConnectionSocketFactory -  negotiated protocol: TLSv1.2
11:12:03.041 [Test worker] DEBUG org.apache.http.conn.ssl.SSLConnectionSocketFactory -  negotiated cipher suite: TLS_ECDHE_ECDSA_WITH_AES_128_GCM_SHA256
11:12:03.041 [Test worker] DEBUG org.apache.http.conn.ssl.SSLConnectionSocketFactory -  peer principal: CN=sni.cloudflaressl.com, O="Cloudflare, Inc.", L=San Francisco, ST=California, C=US
11:12:03.041 [Test worker] DEBUG org.apache.http.conn.ssl.SSLConnectionSocketFactory -  peer alternative names: [typicode.com, sni.cloudflaressl.com, *.typicode.com]
11:12:03.041 [Test worker] DEBUG org.apache.http.conn.ssl.SSLConnectionSocketFactory -  issuer principal: CN=Cloudflare Inc ECC CA-3, O="Cloudflare, Inc.", C=US
11:12:03.041 [Test worker] DEBUG org.apache.http.impl.conn.DefaultHttpClientConnectionOperator - Connection established 192.168.1.58:51632<->104.21.4.48:443
11:12:03.041 [Test worker] DEBUG org.apache.http.impl.conn.DefaultManagedHttpClientConnection - http-outgoing-2: set socket timeout to 30000
11:12:03.041 [Test worker] DEBUG org.apache.http.impl.execchain.MainClientExec - Executing request POST /users HTTP/1.1
11:12:03.042 [Test worker] DEBUG org.apache.http.impl.execchain.MainClientExec - Target auth state: UNCHALLENGED
11:12:03.042 [Test worker] DEBUG org.apache.http.impl.execchain.MainClientExec - Proxy auth state: UNCHALLENGED
11:12:03.042 [Test worker] DEBUG org.apache.http.headers - http-outgoing-2 >> POST /users HTTP/1.1
11:12:03.042 [Test worker] DEBUG org.apache.http.headers - http-outgoing-2 >> Content-Type: application/json; charset=UTF-8
11:12:03.042 [Test worker] DEBUG org.apache.http.headers - http-outgoing-2 >> Content-Length: 160
11:12:03.042 [Test worker] DEBUG org.apache.http.headers - http-outgoing-2 >> Host: jsonplaceholder.typicode.com
11:12:03.042 [Test worker] DEBUG org.apache.http.headers - http-outgoing-2 >> Connection: Keep-Alive
11:12:03.042 [Test worker] DEBUG org.apache.http.headers - http-outgoing-2 >> User-Agent: Apache-HttpClient/4.5.12 (Java/1.8.0_301)
11:12:03.042 [Test worker] DEBUG org.apache.http.headers - http-outgoing-2 >> Accept-Encoding: gzip,deflate
11:12:03.042 [Test worker] DEBUG org.apache.http.wire - http-outgoing-2 >> "POST /users HTTP/1.1[\r][\n]"
11:12:03.042 [Test worker] DEBUG org.apache.http.wire - http-outgoing-2 >> "Content-Type: application/json; charset=UTF-8[\r][\n]"
11:12:03.042 [Test worker] DEBUG org.apache.http.wire - http-outgoing-2 >> "Content-Length: 160[\r][\n]"
11:12:03.042 [Test worker] DEBUG org.apache.http.wire - http-outgoing-2 >> "Host: jsonplaceholder.typicode.com[\r][\n]"
11:12:03.042 [Test worker] DEBUG org.apache.http.wire - http-outgoing-2 >> "Connection: Keep-Alive[\r][\n]"
11:12:03.042 [Test worker] DEBUG org.apache.http.wire - http-outgoing-2 >> "User-Agent: Apache-HttpClient/4.5.12 (Java/1.8.0_301)[\r][\n]"
11:12:03.042 [Test worker] DEBUG org.apache.http.wire - http-outgoing-2 >> "Accept-Encoding: gzip,deflate[\r][\n]"
11:12:03.042 [Test worker] DEBUG org.apache.http.wire - http-outgoing-2 >> "[\r][\n]"
11:12:03.042 [Test worker] DEBUG org.apache.http.wire - http-outgoing-2 >> "{"name":"Test User","username":"testuser","email":"test@user.com","address":{"street":"Has No Name","suite":"Apt. 123","city":"Electri","zipcode":"54321-6789"}}"
11:12:03.169 [Test worker] DEBUG org.apache.http.wire - http-outgoing-2 << "HTTP/1.1 201 Created[\r][\n]"
11:12:03.170 [Test worker] DEBUG org.apache.http.wire - http-outgoing-2 << "Date: Sat, 25 Sep 2021 16:11:42 GMT[\r][\n]"
11:12:03.170 [Test worker] DEBUG org.apache.http.wire - http-outgoing-2 << "Content-Type: application/json; charset=utf-8[\r][\n]"
11:12:03.170 [Test worker] DEBUG org.apache.http.wire - http-outgoing-2 << "Content-Length: 216[\r][\n]"
11:12:03.170 [Test worker] DEBUG org.apache.http.wire - http-outgoing-2 << "Connection: keep-alive[\r][\n]"
11:12:03.170 [Test worker] DEBUG org.apache.http.wire - http-outgoing-2 << "x-powered-by: Express[\r][\n]"
11:12:03.170 [Test worker] DEBUG org.apache.http.wire - http-outgoing-2 << "x-ratelimit-limit: 1000[\r][\n]"
11:12:03.170 [Test worker] DEBUG org.apache.http.wire - http-outgoing-2 << "x-ratelimit-remaining: 999[\r][\n]"
11:12:03.170 [Test worker] DEBUG org.apache.http.wire - http-outgoing-2 << "x-ratelimit-reset: 1632586329[\r][\n]"
11:12:03.170 [Test worker] DEBUG org.apache.http.wire - http-outgoing-2 << "vary: Origin, X-HTTP-Method-Override, Accept-Encoding[\r][\n]"
11:12:03.170 [Test worker] DEBUG org.apache.http.wire - http-outgoing-2 << "access-control-allow-credentials: true[\r][\n]"
11:12:03.170 [Test worker] DEBUG org.apache.http.wire - http-outgoing-2 << "cache-control: no-cache[\r][\n]"
11:12:03.170 [Test worker] DEBUG org.apache.http.wire - http-outgoing-2 << "pragma: no-cache[\r][\n]"
11:12:03.170 [Test worker] DEBUG org.apache.http.wire - http-outgoing-2 << "expires: -1[\r][\n]"
11:12:03.170 [Test worker] DEBUG org.apache.http.wire - http-outgoing-2 << "access-control-expose-headers: Location[\r][\n]"
11:12:03.170 [Test worker] DEBUG org.apache.http.wire - http-outgoing-2 << "location: http://jsonplaceholder.typicode.com/users/11[\r][\n]"
11:12:03.170 [Test worker] DEBUG org.apache.http.wire - http-outgoing-2 << "x-content-type-options: nosniff[\r][\n]"
11:12:03.170 [Test worker] DEBUG org.apache.http.wire - http-outgoing-2 << "etag: W/"d8-pYV7+YuMGP2hxHPU9ARrf97ifDA"[\r][\n]"
11:12:03.170 [Test worker] DEBUG org.apache.http.wire - http-outgoing-2 << "via: 1.1 vegur[\r][\n]"
11:12:03.170 [Test worker] DEBUG org.apache.http.wire - http-outgoing-2 << "CF-Cache-Status: DYNAMIC[\r][\n]"
11:12:03.170 [Test worker] DEBUG org.apache.http.wire - http-outgoing-2 << "Expect-CT: max-age=604800, report-uri="https://report-uri.cloudflare.com/cdn-cgi/beacon/expect-ct"[\r][\n]"
11:12:03.170 [Test worker] DEBUG org.apache.http.wire - http-outgoing-2 << "Report-To: {"endpoints":[{"url":"https:\/\/a.nel.cloudflare.com\/report\/v3?s=65fBsgcCV1QWDTSLdbro%2B20DB7OAetds84DSd7Wt%2FFsuqrBes6JzRN5TeqiObOlhWPzAoG6KCuYhEjOu2daPebhMEv8jQj5rikWp409LI3PN6Vd%2FoRYsDB9L9X4ivGBsHnnvgYip68GlxWSogHU6"}],"group":"cf-nel","max_age":604800}[\r][\n]"
11:12:03.170 [Test worker] DEBUG org.apache.http.wire - http-outgoing-2 << "NEL: {"success_fraction":0,"report_to":"cf-nel","max_age":604800}[\r][\n]"
11:12:03.170 [Test worker] DEBUG org.apache.http.wire - http-outgoing-2 << "Server: cloudflare[\r][\n]"
11:12:03.170 [Test worker] DEBUG org.apache.http.wire - http-outgoing-2 << "CF-RAY: 694587a48c6767c6-MIA[\r][\n]"
11:12:03.170 [Test worker] DEBUG org.apache.http.wire - http-outgoing-2 << "alt-svc: h3=":443"; ma=86400, h3-29=":443"; ma=86400, h3-28=":443"; ma=86400, h3-27=":443"; ma=86400[\r][\n]"
11:12:03.170 [Test worker] DEBUG org.apache.http.wire - http-outgoing-2 << "[\r][\n]"
11:12:03.170 [Test worker] DEBUG org.apache.http.wire - http-outgoing-2 << "{[\n]"
11:12:03.170 [Test worker] DEBUG org.apache.http.wire - http-outgoing-2 << "  "name": "Test User",[\n]"
11:12:03.170 [Test worker] DEBUG org.apache.http.wire - http-outgoing-2 << "  "username": "testuser",[\n]"
11:12:03.170 [Test worker] DEBUG org.apache.http.wire - http-outgoing-2 << "  "email": "test@user.com",[\n]"
11:12:03.170 [Test worker] DEBUG org.apache.http.wire - http-outgoing-2 << "  "address": {[\n]"
11:12:03.170 [Test worker] DEBUG org.apache.http.wire - http-outgoing-2 << "    "street": "Has No Name",[\n]"
11:12:03.170 [Test worker] DEBUG org.apache.http.wire - http-outgoing-2 << "    "suite": "Apt. 123",[\n]"
11:12:03.170 [Test worker] DEBUG org.apache.http.wire - http-outgoing-2 << "    ""
11:12:03.171 [Test worker] DEBUG org.apache.http.headers - http-outgoing-2 << HTTP/1.1 201 Created
11:12:03.171 [Test worker] DEBUG org.apache.http.headers - http-outgoing-2 << Date: Sat, 25 Sep 2021 16:11:42 GMT
11:12:03.171 [Test worker] DEBUG org.apache.http.headers - http-outgoing-2 << Content-Type: application/json; charset=utf-8
11:12:03.171 [Test worker] DEBUG org.apache.http.headers - http-outgoing-2 << Content-Length: 216
11:12:03.171 [Test worker] DEBUG org.apache.http.headers - http-outgoing-2 << Connection: keep-alive
11:12:03.171 [Test worker] DEBUG org.apache.http.headers - http-outgoing-2 << x-powered-by: Express
11:12:03.171 [Test worker] DEBUG org.apache.http.headers - http-outgoing-2 << x-ratelimit-limit: 1000
11:12:03.171 [Test worker] DEBUG org.apache.http.headers - http-outgoing-2 << x-ratelimit-remaining: 999
11:12:03.171 [Test worker] DEBUG org.apache.http.headers - http-outgoing-2 << x-ratelimit-reset: 1632586329
11:12:03.171 [Test worker] DEBUG org.apache.http.headers - http-outgoing-2 << vary: Origin, X-HTTP-Method-Override, Accept-Encoding
11:12:03.171 [Test worker] DEBUG org.apache.http.headers - http-outgoing-2 << access-control-allow-credentials: true
11:12:03.171 [Test worker] DEBUG org.apache.http.headers - http-outgoing-2 << cache-control: no-cache
11:12:03.171 [Test worker] DEBUG org.apache.http.headers - http-outgoing-2 << pragma: no-cache
11:12:03.171 [Test worker] DEBUG org.apache.http.headers - http-outgoing-2 << expires: -1
11:12:03.171 [Test worker] DEBUG org.apache.http.headers - http-outgoing-2 << access-control-expose-headers: Location
11:12:03.171 [Test worker] DEBUG org.apache.http.headers - http-outgoing-2 << location: http://jsonplaceholder.typicode.com/users/11
11:12:03.171 [Test worker] DEBUG org.apache.http.headers - http-outgoing-2 << x-content-type-options: nosniff
11:12:03.171 [Test worker] DEBUG org.apache.http.headers - http-outgoing-2 << etag: W/"d8-pYV7+YuMGP2hxHPU9ARrf97ifDA"
11:12:03.171 [Test worker] DEBUG org.apache.http.headers - http-outgoing-2 << via: 1.1 vegur
11:12:03.171 [Test worker] DEBUG org.apache.http.headers - http-outgoing-2 << CF-Cache-Status: DYNAMIC
11:12:03.171 [Test worker] DEBUG org.apache.http.headers - http-outgoing-2 << Expect-CT: max-age=604800, report-uri="https://report-uri.cloudflare.com/cdn-cgi/beacon/expect-ct"
11:12:03.171 [Test worker] DEBUG org.apache.http.headers - http-outgoing-2 << Report-To: {"endpoints":[{"url":"https:\/\/a.nel.cloudflare.com\/report\/v3?s=65fBsgcCV1QWDTSLdbro%2B20DB7OAetds84DSd7Wt%2FFsuqrBes6JzRN5TeqiObOlhWPzAoG6KCuYhEjOu2daPebhMEv8jQj5rikWp409LI3PN6Vd%2FoRYsDB9L9X4ivGBsHnnvgYip68GlxWSogHU6"}],"group":"cf-nel","max_age":604800}
11:12:03.171 [Test worker] DEBUG org.apache.http.headers - http-outgoing-2 << NEL: {"success_fraction":0,"report_to":"cf-nel","max_age":604800}
11:12:03.171 [Test worker] DEBUG org.apache.http.headers - http-outgoing-2 << Server: cloudflare
11:12:03.171 [Test worker] DEBUG org.apache.http.headers - http-outgoing-2 << CF-RAY: 694587a48c6767c6-MIA
11:12:03.171 [Test worker] DEBUG org.apache.http.headers - http-outgoing-2 << alt-svc: h3=":443"; ma=86400, h3-29=":443"; ma=86400, h3-28=":443"; ma=86400, h3-27=":443"; ma=86400
11:12:03.171 [Test worker] DEBUG org.apache.http.impl.execchain.MainClientExec - Connection can be kept alive indefinitely
11:12:03.172 [Test worker] DEBUG org.apache.http.wire - http-outgoing-2 << "city": "Electri",[\n]"
11:12:03.172 [Test worker] DEBUG org.apache.http.wire - http-outgoing-2 << "    "zipcode": "54321-6789"[\n]"
11:12:03.172 [Test worker] DEBUG org.apache.http.wire - http-outgoing-2 << "  },[\n]"
11:12:03.172 [Test worker] DEBUG org.apache.http.wire - http-outgoing-2 << "  "id": 11[\n]"
11:12:03.172 [Test worker] DEBUG org.apache.http.wire - http-outgoing-2 << "}"
11:12:03.172 [Test worker] DEBUG org.apache.http.impl.conn.PoolingHttpClientConnectionManager - Connection [id: 2][route: {s}->https://jsonplaceholder.typicode.com:443] can be kept alive indefinitely
11:12:03.172 [Test worker] DEBUG org.apache.http.impl.conn.DefaultManagedHttpClientConnection - http-outgoing-2: set socket timeout to 0
11:12:03.172 [Test worker] DEBUG org.apache.http.impl.conn.PoolingHttpClientConnectionManager - Connection released: [id: 2][route: {s}->https://jsonplaceholder.typicode.com:443][total available: 1; route allocated: 1 of 5; total allocated: 1 of 10]
11:12:03.172 [Test worker] DEBUG com.intuit.karate - response time in milliseconds: 351,72
1 < 201
1 < CF-Cache-Status: DYNAMIC
1 < CF-RAY: 694587a48c6767c6-MIA
1 < Connection: keep-alive
1 < Content-Length: 216
1 < Content-Type: application/json; charset=utf-8
1 < Date: Sat, 25 Sep 2021 16:11:42 GMT
1 < Expect-CT: max-age=604800, report-uri="https://report-uri.cloudflare.com/cdn-cgi/beacon/expect-ct"
1 < NEL: {"success_fraction":0,"report_to":"cf-nel","max_age":604800}
1 < Report-To: {"endpoints":[{"url":"https:\/\/a.nel.cloudflare.com\/report\/v3?s=65fBsgcCV1QWDTSLdbro%2B20DB7OAetds84DSd7Wt%2FFsuqrBes6JzRN5TeqiObOlhWPzAoG6KCuYhEjOu2daPebhMEv8jQj5rikWp409LI3PN6Vd%2FoRYsDB9L9X4ivGBsHnnvgYip68GlxWSogHU6"}],"group":"cf-nel","max_age":604800}
1 < Server: cloudflare
1 < access-control-allow-credentials: true
1 < access-control-expose-headers: Location
1 < alt-svc: h3=":443"; ma=86400, h3-29=":443"; ma=86400, h3-28=":443"; ma=86400, h3-27=":443"; ma=86400
1 < cache-control: no-cache
1 < etag: W/"d8-pYV7+YuMGP2hxHPU9ARrf97ifDA"
1 < expires: -1
1 < location: http://jsonplaceholder.typicode.com/users/11
1 < pragma: no-cache
1 < vary: Origin, X-HTTP-Method-Override, Accept-Encoding
1 < via: 1.1 vegur
1 < x-content-type-options: nosniff
1 < x-powered-by: Express
1 < x-ratelimit-limit: 1000
1 < x-ratelimit-remaining: 999
1 < x-ratelimit-reset: 1632586329
{
  "name": "Test User",
  "username": "testuser",
  "email": "test@user.com",
  "address": {
    "street": "Has No Name",
    "suite": "Apt. 123",
    "city": "Electri",
    "zipcode": "54321-6789"
  },
  "id": 11
}

11:12:03.175 [Test worker] DEBUG com.jayway.jsonpath.internal.path.CompiledPath - Evaluating path: $
11:12:03.181 [Test worker] INFO com.intuit.karate - [print] created id is:  11
---------------------------------------------------------
feature: classpath:karate/users.feature
scenarios:  2 | passed:  2 | failed:  0 | time: 1,8326
---------------------------------------------------------
11:12:03.221 [Finalizer] DEBUG org.apache.http.impl.conn.PoolingHttpClientConnectionManager - Connection manager is shutting down
11:12:03.222 [Finalizer] DEBUG org.apache.http.impl.conn.DefaultManagedHttpClientConnection - http-outgoing-0: Close connection
11:12:03.223 [Finalizer] DEBUG org.apache.http.impl.conn.PoolingHttpClientConnectionManager - Connection manager shut down
11:12:03.226 [Finalizer] DEBUG org.apache.http.impl.conn.PoolingHttpClientConnectionManager - Connection manager is shutting down
11:12:03.226 [Finalizer] DEBUG org.apache.http.impl.conn.DefaultManagedHttpClientConnection - http-outgoing-2: Close connection
11:12:03.226 [Finalizer] DEBUG org.apache.http.impl.conn.PoolingHttpClientConnectionManager - Connection manager shut down
11:12:03.227 [Finalizer] DEBUG org.apache.http.impl.conn.PoolingHttpClientConnectionManager - Connection manager is shutting down
11:12:03.227 [Finalizer] DEBUG org.apache.http.impl.conn.DefaultManagedHttpClientConnection - http-outgoing-1: Close connection
11:12:03.227 [Finalizer] DEBUG org.apache.http.impl.conn.PoolingHttpClientConnectionManager - Connection manager shut down
]]></system-out>
  <system-err><![CDATA[]]></system-err>
</testsuite>
